<?xml version="1.0" encoding="UTF-8"?>
<testsuite name="com.phonebook.tests.HomePageTests" tests="1" skipped="0" failures="0" errors="0" timestamp="2024-02-15T18:11:38" hostname="TOXICMOOS" time="0.003">
  <properties/>
  <testcase name="isHomeComponentPresentTest" classname="com.phonebook.tests.HomePageTests" time="0.003"/>
  <system-out><![CDATA[19:11:27.788 [Test worker] INFO  com.phonebook.tests.TestBase -- Start test isHomeComponentPresentTest with data:[]
19:11:38.022 [Test worker] INFO  com.phonebook.tests.TestBase -- PASSED: isHomeComponentPresentTest
19:11:38.023 [Test worker] INFO  com.phonebook.tests.TestBase -- ******************************************************************************
]]></system-out>
  <system-err><![CDATA[]]></system-err>
</testsuite>
