<?xml version="1.0" encoding="UTF-8"?>
<testsuite name="com.phonebook.tests.CreateAccountTests" tests="1" skipped="0" failures="0" errors="0" timestamp="2024-02-15T18:11:26" hostname="TOXICMOOS" time="1.41">
  <properties/>
  <testcase name="registerExistedUserNegativeTest" classname="com.phonebook.tests.CreateAccountTests" time="1.41"/>
  <system-out><![CDATA[19:11:16.154 [Test worker] INFO  com.phonebook.tests.TestBase -- Start test registerExistedUserNegativeTest with data:[]
19:11:27.786 [Test worker] INFO  com.phonebook.tests.TestBase -- PASSED: registerExistedUserNegativeTest
19:11:27.787 [Test worker] INFO  com.phonebook.tests.TestBase -- ******************************************************************************
]]></system-out>
  <system-err><![CDATA[]]></system-err>
</testsuite>
